* using log directory ‘/home/spinoza/github/rlang/maskedcauses/maskedcauses.Rcheck’
* using R version 4.3.3 (2024-02-29)
* using platform: x86_64-pc-linux-gnu (64-bit)
* R was compiled by
    gcc (Ubuntu 13.2.0-23ubuntu3) 13.2.0
    GNU Fortran (Ubuntu 13.2.0-23ubuntu3) 13.2.0
* running under: Ubuntu 24.04.3 LTS
* using session charset: UTF-8
* using options ‘--no-vignettes --as-cran’
* checking for file ‘maskedcauses/DESCRIPTION’ ... OK
* this is package ‘maskedcauses’ version ‘0.9.3’
* package encoding: UTF-8
* checking CRAN incoming feasibility ... [5s/39s] NOTE
Maintainer: ‘Alexander Towell <lex@metafunctor.com>’

Package has a VignetteBuilder field but no prebuilt vignette index.
* checking package namespace information ... OK
* checking package dependencies ... OK
* checking if this is a source package ... OK
* checking if there is a namespace ... OK
* checking for executable files ... OK
* checking for hidden files and directories ... OK
* checking for portable file names ... OK
* checking for sufficient/correct file permissions ... OK
* checking whether package ‘maskedcauses’ can be installed ... OK
* checking installed package size ... OK
* checking package directory ... OK
* checking for future file timestamps ... NOTE
unable to verify current time
* checking DESCRIPTION meta-information ... OK
* checking top-level files ... OK
* checking for left-over files ... OK
* checking index information ... OK
* checking package subdirectories ... OK
* checking R files for non-ASCII characters ... OK
* checking R files for syntax errors ... OK
* checking whether the package can be loaded ... OK
* checking whether the package can be loaded with stated dependencies ... OK
* checking whether the package can be unloaded cleanly ... OK
* checking whether the namespace can be loaded with stated dependencies ... OK
* checking whether the namespace can be unloaded cleanly ... OK
* checking loading without being on the library search path ... OK
* checking use of S3 registration ... OK
* checking dependencies in R code ... OK
* checking S3 generic/method consistency ... OK
* checking replacement functions ... OK
* checking foreign function calls ... OK
* checking R code for possible problems ... OK
* checking Rd files ... OK
* checking Rd metadata ... OK
* checking Rd line widths ... OK
* checking Rd cross-references ... OK
* checking for missing documentation entries ... OK
* checking for code/documentation mismatches ... OK
* checking Rd \usage sections ... OK
* checking Rd contents ... OK
* checking for unstated dependencies in examples ... OK
* checking files in ‘vignettes’ ... WARNING
Files in the 'vignettes' directory but no files in 'inst/doc':
  ‘censoring_comparison_files/figure-html/sim-plot-1.png’
  ‘censoring_comparison.Rmd’ ‘ecosystem.Rmd’
  ‘exponential_series_files/figure-html/censoring-sensitivity-plot-1.png’
  ‘exponential_series_files/figure-html/masking-sensitivity-plot-1.png’
  ‘exponential_series_files/figure-html/sampling-dist-plot-1.png’
  ‘exponential_series.Rmd’ ‘framework.Rmd’
  ‘generate_model_selection_data.R’ ‘model_selection.Rmd’
  ‘precomputed_censoring_comparison.rds’ ‘precomputed_framework.rds’
  ‘precomputed_model_selection.rds’ ‘precomputed_results.rds’
  ‘precomputed_weibull_homogeneous.rds’ ‘precomputed_weibull.rds’
  ‘weibull_homogeneous_series_files/figure-html/cond-cause-plot-1.png’
  ‘weibull_homogeneous_series_files/figure-html/hazard-plot-1.png’
  ‘weibull_homogeneous_series_files/figure-html/mc-sampling-dist-1.png’
  ‘weibull_homogeneous_series.Rmd’
  ‘weibull_series_files/figure-html/cause-prob-plot-1.png’
  ‘weibull_series_files/figure-html/hazard-plot-1.png’
  ‘weibull_series_files/figure-html/integrand-plot-1.png’
  ‘weibull_series_files/figure-html/mc-sampling-dist-1.png’
  ‘weibull_series.Rmd’
* checking examples ... OK
* checking examples with --run-donttest ... OK
* checking for unstated dependencies in ‘tests’ ... OK
* checking tests ... ERROR
  Running ‘testthat.R’
Running the tests in ‘tests/testthat.R’ failed.
Last 13 lines of output:
    'test-series_md_generics.R:345:3', 'test-series_md_generics.R:363:3',
    'test-series_md_generics.R:406:3',
    'test-wei_series_homogeneous_md_c1_c2_c3.R:264:3'
  
  ══ Failed tests ════════════════════════════════════════════════════════════════
  ── Error ('test-exp_series_md_c1_c2_c3.R:697:3'): fim accepts additional DGP parameters ──
  Error in `fim_fn(theta = c(0.5, 0.3, 0.2), n_obs = 50, n_samples = 50, tau = 5, p = 0.3)`: All Monte Carlo samples failed in FIM estimation
  Backtrace:
      ▆
   1. └─likelihood.model (local) fim_fn(...) at test-exp_series_md_c1_c2_c3.R:697:3
  
  [ FAIL 1 | WARN 0 | SKIP 6 | PASS 780 ]
  Error:
  ! Test failures.
  Execution halted
* checking for unstated dependencies in vignettes ... OK
* checking package vignettes in ‘inst/doc’ ... WARNING
Directory 'inst/doc' does not exist.
Package vignettes without corresponding single PDF/HTML:
  ‘censoring_comparison.Rmd’
  ‘ecosystem.Rmd’
  ‘exponential_series.Rmd’
  ‘framework.Rmd’
  ‘model_selection.Rmd’
  ‘weibull_homogeneous_series.Rmd’
  ‘weibull_series.Rmd’
* checking running R code from vignettes ... SKIPPED
* checking re-building of vignette outputs ... SKIPPED
* checking PDF version of manual ... OK
* checking HTML version of manual ... NOTE
Skipping checking HTML validation: no command 'tidy' found
Skipping checking math rendering: package 'V8' unavailable
* checking for non-standard things in the check directory ... OK
* checking for detritus in the temp directory ... OK
* DONE
Status: 1 ERROR, 2 WARNINGs, 3 NOTEs
