Hmm ... looks like a package
Converting parsed Rd's to LaTeX .....
Creating pdf output from LaTeX ...

This is pdfTeX, Version 3.141592653-2.6-1.40.25 (TeX Live 2023/Debian) (preloaded format=pdflatex)
 restricted \write18 enabled.
entering extended mode
LaTeX2e <2023-11-01> patch level 1
L3 programming layer <2024-01-22>
(./Rd2.tex
(/usr/share/texlive/texmf-dist/tex/latex/base/book.cls
Document Class: book 2023/05/17 v1.4n Standard LaTeX document class
(/usr/share/texlive/texmf-dist/tex/latex/base/bk10.clo))
(/usr/share/R/share/texmf/tex/latex/Rd.sty
(/usr/share/texlive/texmf-dist/tex/latex/base/ifthen.sty)
(/usr/share/texlive/texmf-dist/tex/latex/tools/longtable.sty)
(/usr/share/texlive/texmf-dist/tex/latex/tools/bm.sty)
(/usr/share/texlive/texmf-dist/tex/latex/base/alltt.sty)
(/usr/share/texlive/texmf-dist/tex/latex/tools/verbatim.sty)
(/usr/share/texlive/texmf-dist/tex/latex/url/url.sty)
(/usr/share/texlive/texmf-dist/tex/latex/base/textcomp.sty)
(/usr/share/texlive/texmf-dist/tex/latex/amsmath/amsmath.sty
For additional information on amsmath, use the `?' option.
(/usr/share/texlive/texmf-dist/tex/latex/amsmath/amstext.sty
(/usr/share/texlive/texmf-dist/tex/latex/amsmath/amsgen.sty))
(/usr/share/texlive/texmf-dist/tex/latex/amsmath/amsbsy.sty)
(/usr/share/texlive/texmf-dist/tex/latex/amsmath/amsopn.sty))
(/usr/share/texlive/texmf-dist/tex/latex/amsfonts/amsfonts.sty)
(/usr/share/texlive/texmf-dist/tex/latex/amsfonts/amssymb.sty)
(/usr/share/texlive/texmf-dist/tex/latex/jknapltx/mathrsfs.sty)
(/usr/share/texlive/texmf-dist/tex/generic/iftex/iftex.sty)
(/usr/share/texlive/texmf-dist/tex/latex/base/fontenc.sty)
(/usr/share/texlive/texmf-dist/tex/latex/psnfss/times.sty)
(/usr/share/texlive/texmf-dist/tex/latex/inconsolata/zi4.sty
`inconsolata-zi4' v1.12, 2019/05/17 Text macros for Inconsolata (msharpe)
(/usr/share/texlive/texmf-dist/tex/latex/xkeyval/xkeyval.sty
(/usr/share/texlive/texmf-dist/tex/generic/xkeyval/xkeyval.tex
(/usr/share/texlive/texmf-dist/tex/generic/xkeyval/xkvutils.tex
(/usr/share/texlive/texmf-dist/tex/generic/xkeyval/keyval.tex)))))
(/usr/share/texlive/texmf-dist/tex/latex/graphics/color.sty
(/usr/share/texlive/texmf-dist/tex/latex/graphics-cfg/color.cfg)
(/usr/share/texlive/texmf-dist/tex/latex/graphics-def/pdftex.def)
(/usr/share/texlive/texmf-dist/tex/latex/graphics/mathcolor.ltx))
(/usr/share/texlive/texmf-dist/tex/latex/hyperref/hyperref.sty
(/usr/share/texlive/texmf-dist/tex/latex/kvsetkeys/kvsetkeys.sty)
(/usr/share/texlive/texmf-dist/tex/generic/kvdefinekeys/kvdefinekeys.sty)
(/usr/share/texlive/texmf-dist/tex/generic/pdfescape/pdfescape.sty
(/usr/share/texlive/texmf-dist/tex/generic/ltxcmds/ltxcmds.sty)
(/usr/share/texlive/texmf-dist/tex/generic/pdftexcmds/pdftexcmds.sty
(/usr/share/texlive/texmf-dist/tex/generic/infwarerr/infwarerr.sty)))
(/usr/share/texlive/texmf-dist/tex/latex/hycolor/hycolor.sty)
(/usr/share/texlive/texmf-dist/tex/latex/auxhook/auxhook.sty)
(/usr/share/texlive/texmf-dist/tex/latex/hyperref/nameref.sty
(/usr/share/texlive/texmf-dist/tex/latex/refcount/refcount.sty)
(/usr/share/texlive/texmf-dist/tex/generic/gettitlestring/gettitlestring.sty
(/usr/share/texlive/texmf-dist/tex/latex/kvoptions/kvoptions.sty)))
(/usr/share/texlive/texmf-dist/tex/latex/etoolbox/etoolbox.sty)
(/usr/share/texlive/texmf-dist/tex/latex/hyperref/pd1enc.def)
(/usr/share/texlive/texmf-dist/tex/generic/intcalc/intcalc.sty)
(/usr/share/texlive/texmf-dist/tex/latex/hyperref/puenc.def)
(/usr/share/texlive/texmf-dist/tex/generic/bitset/bitset.sty
(/usr/share/texlive/texmf-dist/tex/generic/bigintcalc/bigintcalc.sty))
(/usr/share/texlive/texmf-dist/tex/latex/base/atbegshi-ltx.sty))
(/usr/share/texlive/texmf-dist/tex/latex/hyperref/hpdftex.def
(/usr/share/texlive/texmf-dist/tex/latex/base/atveryend-ltx.sty)
(/usr/share/texlive/texmf-dist/tex/latex/rerunfilecheck/rerunfilecheck.sty
(/usr/share/texlive/texmf-dist/tex/generic/uniquecounter/uniquecounter.sty))))
(/usr/share/texlive/texmf-dist/tex/latex/base/makeidx.sty)
(/usr/share/texlive/texmf-dist/tex/latex/base/inputenc.sty)
Writing index file Rd2.idx
(/usr/share/texlive/texmf-dist/tex/latex/psnfss/t1ptm.fd)
(/usr/share/texlive/texmf-dist/tex/latex/l3backend/l3backend-pdftex.def)
No file Rd2.aux.
(/usr/share/texlive/texmf-dist/tex/context/base/mkii/supp-pdf.mkii
[Loading MPS to PDF converter (version 2006.09.02).]
) (/usr/share/texlive/texmf-dist/tex/latex/inconsolata/t1zi4.fd)
(/usr/share/texlive/texmf-dist/tex/latex/amsfonts/umsa.fd)
(/usr/share/texlive/texmf-dist/tex/latex/amsfonts/umsb.fd)
(/usr/share/texlive/texmf-dist/tex/latex/jknapltx/ursfs.fd)
(/usr/share/texlive/texmf-dist/tex/latex/psnfss/t1phv.fd)
No file Rd2.toc.
[1{/var/lib/texmf/fonts/map/pdftex/updmap/pdftex.map}{/usr/share/texlive/texmf-
dist/fonts/enc/dvips/base/8r.enc}{/usr/share/texlive/texmf-dist/fonts/enc/dvips
/inconsolata/i4-t1-0.enc}]
(/usr/share/texlive/texmf-dist/tex/latex/inconsolata/ts1zi4.fd) [2{/usr/share/t
exlive/texmf-dist/fonts/enc/dvips/inconsolata/i4-ts1.enc}] [3]
(/usr/share/texlive/texmf-dist/tex/latex/psnfss/ts1ptm.fd) [4] [5] [6]
Overfull \hbox (104.26074pt too wide) in paragraph at lines 391--394
[]\T1/ptm/m/n/10 (1) []\T1/zi4/m/n/10 loglik.exp_series_md_c1_c2_c3 []\T1/ptm/m
/n/10 (2) []\T1/zi4/m/n/10 score.exp_series_md_c1_c2_c3 []\T1/ptm/m/n/10 (3) []
\T1/zi4/m/n/10 hess_loglik.exp_series_md_c1_c2_c3 
[7]
Overfull \hbox (71.13962pt too wide) in paragraph at lines 408--412
[]\T1/ptm/m/n/10 C1: \T1/zi4/m/n/10 Pr{K[i] in C[i]) = 1 \T1/ptm/m/n/10 C2: \T1
/zi4/m/n/10 Pr{C[i]=c[i] | K[i]=j, T[i]=t[i]) = Pr(C[i]=c[i] | K[i]=j\TS1/zi4/m
/n/10 '\T1/zi4/m/n/10 , T[i]=t[i])

Overfull \hbox (36.39923pt too wide) in paragraph at lines 418--420
[]\T1/ptm/m/n/10 likelihood model ob-ject with class []\T1/zi4/m/n/10 c("exp_se
ries_md_c1_c2_c3", "series_md", "likelihood_model") 
[8] [9]
Overfull \hbox (94.28903pt too wide) in paragraph at lines 561--564
[]\T1/ptm/m/n/10 observation func-tor cre-ated by []\T1/zi4/m/n/10 observe_* []
\T1/ptm/m/n/10 func-tions. When NULL, uses [][][]\T1/zi4/m/n/10 observe_right_c
ensor[][][](tau)
[10]
Underfull \hbox (badness 1742) in paragraph at lines 606--606
[]\T1/ptm/m/it/10 Hessian of log-likelihood method for []\T1/zi4/m/n/10 exp_ser
ies_md_c1_c2_c3
[11]
Underfull \hbox (badness 10000) in paragraph at lines 658--658
[]\T1/ptm/m/it/10 Hessian of log-likelihood method for
[12]
Underfull \hbox (badness 1742) in paragraph at lines 709--709
[]\T1/ptm/m/it/10 Hessian of log-likelihood method for []\T1/zi4/m/n/10 wei_ser
ies_md_c1_c2_c3
[13] [14] [15] [16] [17] [18] [19]
Overfull \hbox (13.38802pt too wide) in paragraph at lines 1083--1085
[]\T1/ptm/m/n/10 column pre-fix for can-di-date sets (as Boolean ma-trix), de-f
aults to []\T1/zi4/m/n/10 x[]\T1/ptm/m/n/10 , e.g., \T1/zi4/m/n/10 x1, x2, x3\T
1/ptm/m/n/10 . 
[20] [21] [22] [23] [24] [25] [26] [27] [28] [29]
Overfull \hbox (4.47336pt too wide) in paragraph at lines 1673--1673
[]\T1/ptm/m/it/10 Random data gen-er-a-tion for []\T1/zi4/m/n/10 wei_series_hom
ogeneous_md_c1_c2_c3
[30] [31] [32] [33] [34] [35]
Underfull \hbox (badness 10000) in paragraph at lines 2012--2012
[]\T1/ptm/m/it/10 Constructs a like-li-hood model for

Overfull \hbox (38.80078pt too wide) in paragraph at lines 2063--2066
[]\T1/ptm/m/n/10 (1) []\T1/zi4/m/n/10 loglik.wei_series_homogeneous_md_c1_c2_c3
 []\T1/ptm/m/n/10 (2) []\T1/zi4/m/n/10 score.wei_series_homogeneous_md_c1_c2_c3

[36]
Overfull \hbox (71.13962pt too wide) in paragraph at lines 2069--2073
[]\T1/ptm/m/n/10 C1: \T1/zi4/m/n/10 Pr{K[i] in C[i]} = 1 \T1/ptm/m/n/10 C2: \T1
/zi4/m/n/10 Pr{C[i]=c[i] | K[i]=j, T[i]=t[i]} = Pr{C[i]=c[i] | K[i]=j\TS1/zi4/m
/n/10 '\T1/zi4/m/n/10 , T[i]=t[i]}
[37]
Overfull \hbox (104.26074pt too wide) in paragraph at lines 2168--2171
[]\T1/ptm/m/n/10 (1) []\T1/zi4/m/n/10 loglik.wei_series_md_c1_c2_c3 []\T1/ptm/m
/n/10 (2) []\T1/zi4/m/n/10 score.wei_series_md_c1_c2_c3 []\T1/ptm/m/n/10 (3) []
\T1/zi4/m/n/10 hess_loglik.wei_series_md_c1_c2_c3 

Overfull \hbox (71.13962pt too wide) in paragraph at lines 2177--2181
[]\T1/ptm/m/n/10 C1: \T1/zi4/m/n/10 Pr{K[i] in C[i]} = 1 \T1/ptm/m/n/10 C2: \T1
/zi4/m/n/10 Pr{C[i]=c[i] | K[i]=j, T[i]=t[i]} = Pr{C[i]=c[i] | K[i]=j\TS1/zi4/m
/n/10 '\T1/zi4/m/n/10 , T[i]=t[i]}

Overfull \hbox (36.39923pt too wide) in paragraph at lines 2184--2186
[]\T1/ptm/m/n/10 likelihood model ob-ject with class []\T1/zi4/m/n/10 c("wei_se
ries_md_c1_c2_c3", "series_md", "likelihood_model") 
[38]
No file Rd2.ind.
[39] (/tmp/RtmpwY8GAJ/Rd2pdf28bf8f2c66a21d/Rd2.aux)

Package rerunfilecheck Warning: File `Rd2.out' has changed.
(rerunfilecheck)                Rerun to get outlines right
(rerunfilecheck)                or use package `bookmark'.

 )
(see the transcript file for additional information)</usr/share/texlive/texmf-d
ist/fonts/type1/public/inconsolata/Inconsolata-zi4r.pfb></usr/share/texlive/tex
mf-dist/fonts/type1/public/amsfonts/cm/cmex10.pfb></usr/share/texlive/texmf-dis
t/fonts/type1/public/amsfonts/cm/cmmi10.pfb></usr/share/texlive/texmf-dist/font
s/type1/public/amsfonts/cm/cmmi7.pfb></usr/share/texlive/texmf-dist/fonts/type1
/public/amsfonts/cm/cmr10.pfb></usr/share/texlive/texmf-dist/fonts/type1/public
/amsfonts/cm/cmr7.pfb></usr/share/texlive/texmf-dist/fonts/type1/public/amsfont
s/cm/cmsy10.pfb></usr/share/texlive/texmf-dist/fonts/type1/public/amsfonts/cm/c
msy7.pfb></usr/share/texlive/texmf-dist/fonts/type1/urw/helvetic/uhvr8a.pfb></u
sr/share/texlive/texmf-dist/fonts/type1/urw/times/utmb8a.pfb></usr/share/texliv
e/texmf-dist/fonts/type1/urw/times/utmr8a.pfb></usr/share/texlive/texmf-dist/fo
nts/type1/urw/times/utmr8a.pfb></usr/share/texlive/texmf-dist/fonts/type1/urw/t
imes/utmri8a.pfb>
Output written on Rd2.pdf (39 pages, 214474 bytes).
Transcript written on Rd2.log.
This is makeindex, version 2.17 [TeX Live 2023] (kpathsea + Thai support).
Scanning input file Rd2.idx....done (77 entries accepted, 0 rejected).
Sorting entries....done (480 comparisons).
Generating output file Rd2.ind....done (149 lines written, 0 warnings).
Output written in Rd2.ind.
Transcript written in Rd2.ilg.
This is pdfTeX, Version 3.141592653-2.6-1.40.25 (TeX Live 2023/Debian) (preloaded format=pdflatex)
 restricted \write18 enabled.
entering extended mode
LaTeX2e <2023-11-01> patch level 1
L3 programming layer <2024-01-22>
(./Rd2.tex
(/usr/share/texlive/texmf-dist/tex/latex/base/book.cls
Document Class: book 2023/05/17 v1.4n Standard LaTeX document class
(/usr/share/texlive/texmf-dist/tex/latex/base/bk10.clo))
(/usr/share/R/share/texmf/tex/latex/Rd.sty
(/usr/share/texlive/texmf-dist/tex/latex/base/ifthen.sty)
(/usr/share/texlive/texmf-dist/tex/latex/tools/longtable.sty)
(/usr/share/texlive/texmf-dist/tex/latex/tools/bm.sty)
(/usr/share/texlive/texmf-dist/tex/latex/base/alltt.sty)
(/usr/share/texlive/texmf-dist/tex/latex/tools/verbatim.sty)
(/usr/share/texlive/texmf-dist/tex/latex/url/url.sty)
(/usr/share/texlive/texmf-dist/tex/latex/base/textcomp.sty)
(/usr/share/texlive/texmf-dist/tex/latex/amsmath/amsmath.sty
For additional information on amsmath, use the `?' option.
(/usr/share/texlive/texmf-dist/tex/latex/amsmath/amstext.sty
(/usr/share/texlive/texmf-dist/tex/latex/amsmath/amsgen.sty))
(/usr/share/texlive/texmf-dist/tex/latex/amsmath/amsbsy.sty)
(/usr/share/texlive/texmf-dist/tex/latex/amsmath/amsopn.sty))
(/usr/share/texlive/texmf-dist/tex/latex/amsfonts/amsfonts.sty)
(/usr/share/texlive/texmf-dist/tex/latex/amsfonts/amssymb.sty)
(/usr/share/texlive/texmf-dist/tex/latex/jknapltx/mathrsfs.sty)
(/usr/share/texlive/texmf-dist/tex/generic/iftex/iftex.sty)
(/usr/share/texlive/texmf-dist/tex/latex/base/fontenc.sty)
(/usr/share/texlive/texmf-dist/tex/latex/psnfss/times.sty)
(/usr/share/texlive/texmf-dist/tex/latex/inconsolata/zi4.sty
`inconsolata-zi4' v1.12, 2019/05/17 Text macros for Inconsolata (msharpe)
(/usr/share/texlive/texmf-dist/tex/latex/xkeyval/xkeyval.sty
(/usr/share/texlive/texmf-dist/tex/generic/xkeyval/xkeyval.tex
(/usr/share/texlive/texmf-dist/tex/generic/xkeyval/xkvutils.tex
(/usr/share/texlive/texmf-dist/tex/generic/xkeyval/keyval.tex)))))
(/usr/share/texlive/texmf-dist/tex/latex/graphics/color.sty
(/usr/share/texlive/texmf-dist/tex/latex/graphics-cfg/color.cfg)
(/usr/share/texlive/texmf-dist/tex/latex/graphics-def/pdftex.def)
(/usr/share/texlive/texmf-dist/tex/latex/graphics/mathcolor.ltx))
(/usr/share/texlive/texmf-dist/tex/latex/hyperref/hyperref.sty
(/usr/share/texlive/texmf-dist/tex/latex/kvsetkeys/kvsetkeys.sty)
(/usr/share/texlive/texmf-dist/tex/generic/kvdefinekeys/kvdefinekeys.sty)
(/usr/share/texlive/texmf-dist/tex/generic/pdfescape/pdfescape.sty
(/usr/share/texlive/texmf-dist/tex/generic/ltxcmds/ltxcmds.sty)
(/usr/share/texlive/texmf-dist/tex/generic/pdftexcmds/pdftexcmds.sty
(/usr/share/texlive/texmf-dist/tex/generic/infwarerr/infwarerr.sty)))
(/usr/share/texlive/texmf-dist/tex/latex/hycolor/hycolor.sty)
(/usr/share/texlive/texmf-dist/tex/latex/auxhook/auxhook.sty)
(/usr/share/texlive/texmf-dist/tex/latex/hyperref/nameref.sty
(/usr/share/texlive/texmf-dist/tex/latex/refcount/refcount.sty)
(/usr/share/texlive/texmf-dist/tex/generic/gettitlestring/gettitlestring.sty
(/usr/share/texlive/texmf-dist/tex/latex/kvoptions/kvoptions.sty)))
(/usr/share/texlive/texmf-dist/tex/latex/etoolbox/etoolbox.sty)
(/usr/share/texlive/texmf-dist/tex/latex/hyperref/pd1enc.def)
(/usr/share/texlive/texmf-dist/tex/generic/intcalc/intcalc.sty)
(/usr/share/texlive/texmf-dist/tex/latex/hyperref/puenc.def)
(/usr/share/texlive/texmf-dist/tex/generic/bitset/bitset.sty
(/usr/share/texlive/texmf-dist/tex/generic/bigintcalc/bigintcalc.sty))
(/usr/share/texlive/texmf-dist/tex/latex/base/atbegshi-ltx.sty))
(/usr/share/texlive/texmf-dist/tex/latex/hyperref/hpdftex.def
(/usr/share/texlive/texmf-dist/tex/latex/base/atveryend-ltx.sty)
(/usr/share/texlive/texmf-dist/tex/latex/rerunfilecheck/rerunfilecheck.sty
(/usr/share/texlive/texmf-dist/tex/generic/uniquecounter/uniquecounter.sty))))
(/usr/share/texlive/texmf-dist/tex/latex/base/makeidx.sty)
(/usr/share/texlive/texmf-dist/tex/latex/base/inputenc.sty)
Writing index file Rd2.idx
(/usr/share/texlive/texmf-dist/tex/latex/psnfss/t1ptm.fd)
(/usr/share/texlive/texmf-dist/tex/latex/l3backend/l3backend-pdftex.def)
(/tmp/RtmpwY8GAJ/Rd2pdf28bf8f2c66a21d/Rd2.aux)
(/usr/share/texlive/texmf-dist/tex/context/base/mkii/supp-pdf.mkii
[Loading MPS to PDF converter (version 2006.09.02).]
) (/tmp/RtmpwY8GAJ/Rd2pdf28bf8f2c66a21d/Rd2.out)
(/tmp/RtmpwY8GAJ/Rd2pdf28bf8f2c66a21d/Rd2.out)
(/usr/share/texlive/texmf-dist/tex/latex/inconsolata/t1zi4.fd)
(/usr/share/texlive/texmf-dist/tex/latex/amsfonts/umsa.fd)
(/usr/share/texlive/texmf-dist/tex/latex/amsfonts/umsb.fd)
(/usr/share/texlive/texmf-dist/tex/latex/jknapltx/ursfs.fd)
(/usr/share/texlive/texmf-dist/tex/latex/psnfss/t1phv.fd)
(/tmp/RtmpwY8GAJ/Rd2pdf28bf8f2c66a21d/Rd2.toc [1{/var/lib/texmf/fonts/map/pdfte
x/updmap/pdftex.map}{/usr/share/texlive/texmf-dist/fonts/enc/dvips/base/8r.enc}
{/usr/share/texlive/texmf-dist/fonts/enc/dvips/inconsolata/i4-t1-0.enc}]
[2]) (/usr/share/texlive/texmf-dist/tex/latex/inconsolata/ts1zi4.fd) [3{/usr/sh
are/texlive/texmf-dist/fonts/enc/dvips/inconsolata/i4-ts1.enc}] [4]
(/usr/share/texlive/texmf-dist/tex/latex/psnfss/ts1ptm.fd) [5] [6] [7] [8]
Overfull \hbox (104.26074pt too wide) in paragraph at lines 391--394
[]\T1/ptm/m/n/10 (1) []\T1/zi4/m/n/10 loglik.exp_series_md_c1_c2_c3 []\T1/ptm/m
/n/10 (2) []\T1/zi4/m/n/10 score.exp_series_md_c1_c2_c3 []\T1/ptm/m/n/10 (3) []
\T1/zi4/m/n/10 hess_loglik.exp_series_md_c1_c2_c3 

Overfull \hbox (71.13962pt too wide) in paragraph at lines 408--412
[]\T1/ptm/m/n/10 C1: \T1/zi4/m/n/10 Pr{K[i] in C[i]) = 1 \T1/ptm/m/n/10 C2: \T1
/zi4/m/n/10 Pr{C[i]=c[i] | K[i]=j, T[i]=t[i]) = Pr(C[i]=c[i] | K[i]=j\TS1/zi4/m
/n/10 '\T1/zi4/m/n/10 , T[i]=t[i])

Overfull \hbox (36.39923pt too wide) in paragraph at lines 418--420
[]\T1/ptm/m/n/10 likelihood model ob-ject with class []\T1/zi4/m/n/10 c("exp_se
ries_md_c1_c2_c3", "series_md", "likelihood_model") 
[9] [10] [11]
Overfull \hbox (94.28903pt too wide) in paragraph at lines 561--564
[]\T1/ptm/m/n/10 observation func-tor cre-ated by []\T1/zi4/m/n/10 observe_* []
\T1/ptm/m/n/10 func-tions. When NULL, uses [][][]\T1/zi4/m/n/10 observe_right_c
ensor[][][](tau)

Underfull \hbox (badness 1742) in paragraph at lines 606--606
[]\T1/ptm/m/it/10 Hessian of log-likelihood method for []\T1/zi4/m/n/10 exp_ser
ies_md_c1_c2_c3
[12]
Underfull \hbox (badness 10000) in paragraph at lines 658--658
[]\T1/ptm/m/it/10 Hessian of log-likelihood method for
[13]
Underfull \hbox (badness 1742) in paragraph at lines 709--709
[]\T1/ptm/m/it/10 Hessian of log-likelihood method for []\T1/zi4/m/n/10 wei_ser
ies_md_c1_c2_c3
[14] [15] [16] [17] [18] [19] [20]
Overfull \hbox (13.38802pt too wide) in paragraph at lines 1083--1085
[]\T1/ptm/m/n/10 column pre-fix for can-di-date sets (as Boolean ma-trix), de-f
aults to []\T1/zi4/m/n/10 x[]\T1/ptm/m/n/10 , e.g., \T1/zi4/m/n/10 x1, x2, x3\T
1/ptm/m/n/10 . 
[21] [22] [23] [24] [25] [26] [27] [28] [29] [30]
Overfull \hbox (4.47336pt too wide) in paragraph at lines 1673--1673
[]\T1/ptm/m/it/10 Random data gen-er-a-tion for []\T1/zi4/m/n/10 wei_series_hom
ogeneous_md_c1_c2_c3
[31] [32] [33] [34] [35] [36]
Underfull \hbox (badness 10000) in paragraph at lines 2012--2012
[]\T1/ptm/m/it/10 Constructs a like-li-hood model for
[37]
Overfull \hbox (38.80078pt too wide) in paragraph at lines 2063--2066
[]\T1/ptm/m/n/10 (1) []\T1/zi4/m/n/10 loglik.wei_series_homogeneous_md_c1_c2_c3
 []\T1/ptm/m/n/10 (2) []\T1/zi4/m/n/10 score.wei_series_homogeneous_md_c1_c2_c3


Overfull \hbox (71.13962pt too wide) in paragraph at lines 2069--2073
[]\T1/ptm/m/n/10 C1: \T1/zi4/m/n/10 Pr{K[i] in C[i]} = 1 \T1/ptm/m/n/10 C2: \T1
/zi4/m/n/10 Pr{C[i]=c[i] | K[i]=j, T[i]=t[i]} = Pr{C[i]=c[i] | K[i]=j\TS1/zi4/m
/n/10 '\T1/zi4/m/n/10 , T[i]=t[i]}
[38] [39]
Overfull \hbox (104.26074pt too wide) in paragraph at lines 2168--2171
[]\T1/ptm/m/n/10 (1) []\T1/zi4/m/n/10 loglik.wei_series_md_c1_c2_c3 []\T1/ptm/m
/n/10 (2) []\T1/zi4/m/n/10 score.wei_series_md_c1_c2_c3 []\T1/ptm/m/n/10 (3) []
\T1/zi4/m/n/10 hess_loglik.wei_series_md_c1_c2_c3 

Overfull \hbox (71.13962pt too wide) in paragraph at lines 2177--2181
[]\T1/ptm/m/n/10 C1: \T1/zi4/m/n/10 Pr{K[i] in C[i]} = 1 \T1/ptm/m/n/10 C2: \T1
/zi4/m/n/10 Pr{C[i]=c[i] | K[i]=j, T[i]=t[i]} = Pr{C[i]=c[i] | K[i]=j\TS1/zi4/m
/n/10 '\T1/zi4/m/n/10 , T[i]=t[i]}

Overfull \hbox (36.39923pt too wide) in paragraph at lines 2184--2186
[]\T1/ptm/m/n/10 likelihood model ob-ject with class []\T1/zi4/m/n/10 c("wei_se
ries_md_c1_c2_c3", "series_md", "likelihood_model") 
[40] (/tmp/RtmpwY8GAJ/Rd2pdf28bf8f2c66a21d/Rd2.ind [41]

LaTeX Font Warning: Font shape `T1/zi4/m/it' undefined
(Font)              using `T1/zi4/m/n' instead on input line 17.


Overfull \hbox (43.3567pt too wide) in paragraph at lines 21--23
[]\T1/zi4/m/n/10 assumptions.wei_series_homogeneous_md_c1_c2_c3\T1/ptm/m/n/10 ,
 

Overfull \hbox (43.3567pt too wide) in paragraph at lines 65--67
[]\T1/zi4/m/it/10 hess_loglik.wei_series_homogeneous_md_c1_c2_c3\T1/ptm/m/n/10 
, 

Overfull \hbox (18.3567pt too wide) in paragraph at lines 76--78
[]\T1/zi4/m/it/10 loglik.wei_series_homogeneous_md_c1_c2_c3\T1/ptm/m/n/10 , 

Overfull \hbox (13.3567pt too wide) in paragraph at lines 122--124
[]\T1/zi4/m/it/10 rdata.wei_series_homogeneous_md_c1_c2_c3\T1/ptm/m/n/10 , 
[42]
Overfull \hbox (13.3567pt too wide) in paragraph at lines 134--136
[]\T1/zi4/m/it/10 score.wei_series_homogeneous_md_c1_c2_c3\T1/ptm/m/n/10 , 
[43]) (/tmp/RtmpwY8GAJ/Rd2pdf28bf8f2c66a21d/Rd2.aux)

LaTeX Font Warning: Some font shapes were not available, defaults substituted.


Package rerunfilecheck Warning: File `Rd2.out' has changed.
(rerunfilecheck)                Rerun to get outlines right
(rerunfilecheck)                or use package `bookmark'.

 )
(see the transcript file for additional information)</usr/share/texlive/texmf-d
ist/fonts/type1/public/inconsolata/Inconsolata-zi4r.pfb></usr/share/texlive/tex
mf-dist/fonts/type1/public/amsfonts/cm/cmex10.pfb></usr/share/texlive/texmf-dis
t/fonts/type1/public/amsfonts/cm/cmmi10.pfb></usr/share/texlive/texmf-dist/font
s/type1/public/amsfonts/cm/cmmi7.pfb></usr/share/texlive/texmf-dist/fonts/type1
/public/amsfonts/cm/cmr10.pfb></usr/share/texlive/texmf-dist/fonts/type1/public
/amsfonts/cm/cmr7.pfb></usr/share/texlive/texmf-dist/fonts/type1/public/amsfont
s/cm/cmsy10.pfb></usr/share/texlive/texmf-dist/fonts/type1/public/amsfonts/cm/c
msy7.pfb></usr/share/texlive/texmf-dist/fonts/type1/urw/helvetic/uhvr8a.pfb></u
sr/share/texlive/texmf-dist/fonts/type1/urw/times/utmb8a.pfb></usr/share/texliv
e/texmf-dist/fonts/type1/urw/times/utmr8a.pfb></usr/share/texlive/texmf-dist/fo
nts/type1/urw/times/utmr8a.pfb></usr/share/texlive/texmf-dist/fonts/type1/urw/t
imes/utmri8a.pfb>
Output written on Rd2.pdf (43 pages, 227483 bytes).
Transcript written on Rd2.log.
This is makeindex, version 2.17 [TeX Live 2023] (kpathsea + Thai support).
Scanning input file Rd2.idx....done (77 entries accepted, 0 rejected).
Sorting entries....done (480 comparisons).
Generating output file Rd2.ind....done (149 lines written, 0 warnings).
Output written in Rd2.ind.
Transcript written in Rd2.ilg.
This is pdfTeX, Version 3.141592653-2.6-1.40.25 (TeX Live 2023/Debian) (preloaded format=pdflatex)
 restricted \write18 enabled.
entering extended mode
LaTeX2e <2023-11-01> patch level 1
L3 programming layer <2024-01-22>
(./Rd2.tex
(/usr/share/texlive/texmf-dist/tex/latex/base/book.cls
Document Class: book 2023/05/17 v1.4n Standard LaTeX document class
(/usr/share/texlive/texmf-dist/tex/latex/base/bk10.clo))
(/usr/share/R/share/texmf/tex/latex/Rd.sty
(/usr/share/texlive/texmf-dist/tex/latex/base/ifthen.sty)
(/usr/share/texlive/texmf-dist/tex/latex/tools/longtable.sty)
(/usr/share/texlive/texmf-dist/tex/latex/tools/bm.sty)
(/usr/share/texlive/texmf-dist/tex/latex/base/alltt.sty)
(/usr/share/texlive/texmf-dist/tex/latex/tools/verbatim.sty)
(/usr/share/texlive/texmf-dist/tex/latex/url/url.sty)
(/usr/share/texlive/texmf-dist/tex/latex/base/textcomp.sty)
(/usr/share/texlive/texmf-dist/tex/latex/amsmath/amsmath.sty
For additional information on amsmath, use the `?' option.
(/usr/share/texlive/texmf-dist/tex/latex/amsmath/amstext.sty
(/usr/share/texlive/texmf-dist/tex/latex/amsmath/amsgen.sty))
(/usr/share/texlive/texmf-dist/tex/latex/amsmath/amsbsy.sty)
(/usr/share/texlive/texmf-dist/tex/latex/amsmath/amsopn.sty))
(/usr/share/texlive/texmf-dist/tex/latex/amsfonts/amsfonts.sty)
(/usr/share/texlive/texmf-dist/tex/latex/amsfonts/amssymb.sty)
(/usr/share/texlive/texmf-dist/tex/latex/jknapltx/mathrsfs.sty)
(/usr/share/texlive/texmf-dist/tex/generic/iftex/iftex.sty)
(/usr/share/texlive/texmf-dist/tex/latex/base/fontenc.sty)
(/usr/share/texlive/texmf-dist/tex/latex/psnfss/times.sty)
(/usr/share/texlive/texmf-dist/tex/latex/inconsolata/zi4.sty
`inconsolata-zi4' v1.12, 2019/05/17 Text macros for Inconsolata (msharpe)
(/usr/share/texlive/texmf-dist/tex/latex/xkeyval/xkeyval.sty
(/usr/share/texlive/texmf-dist/tex/generic/xkeyval/xkeyval.tex
(/usr/share/texlive/texmf-dist/tex/generic/xkeyval/xkvutils.tex
(/usr/share/texlive/texmf-dist/tex/generic/xkeyval/keyval.tex)))))
(/usr/share/texlive/texmf-dist/tex/latex/graphics/color.sty
(/usr/share/texlive/texmf-dist/tex/latex/graphics-cfg/color.cfg)
(/usr/share/texlive/texmf-dist/tex/latex/graphics-def/pdftex.def)
(/usr/share/texlive/texmf-dist/tex/latex/graphics/mathcolor.ltx))
(/usr/share/texlive/texmf-dist/tex/latex/hyperref/hyperref.sty
(/usr/share/texlive/texmf-dist/tex/latex/kvsetkeys/kvsetkeys.sty)
(/usr/share/texlive/texmf-dist/tex/generic/kvdefinekeys/kvdefinekeys.sty)
(/usr/share/texlive/texmf-dist/tex/generic/pdfescape/pdfescape.sty
(/usr/share/texlive/texmf-dist/tex/generic/ltxcmds/ltxcmds.sty)
(/usr/share/texlive/texmf-dist/tex/generic/pdftexcmds/pdftexcmds.sty
(/usr/share/texlive/texmf-dist/tex/generic/infwarerr/infwarerr.sty)))
(/usr/share/texlive/texmf-dist/tex/latex/hycolor/hycolor.sty)
(/usr/share/texlive/texmf-dist/tex/latex/auxhook/auxhook.sty)
(/usr/share/texlive/texmf-dist/tex/latex/hyperref/nameref.sty
(/usr/share/texlive/texmf-dist/tex/latex/refcount/refcount.sty)
(/usr/share/texlive/texmf-dist/tex/generic/gettitlestring/gettitlestring.sty
(/usr/share/texlive/texmf-dist/tex/latex/kvoptions/kvoptions.sty)))
(/usr/share/texlive/texmf-dist/tex/latex/etoolbox/etoolbox.sty)
(/usr/share/texlive/texmf-dist/tex/latex/hyperref/pd1enc.def)
(/usr/share/texlive/texmf-dist/tex/generic/intcalc/intcalc.sty)
(/usr/share/texlive/texmf-dist/tex/latex/hyperref/puenc.def)
(/usr/share/texlive/texmf-dist/tex/generic/bitset/bitset.sty
(/usr/share/texlive/texmf-dist/tex/generic/bigintcalc/bigintcalc.sty))
(/usr/share/texlive/texmf-dist/tex/latex/base/atbegshi-ltx.sty))
(/usr/share/texlive/texmf-dist/tex/latex/hyperref/hpdftex.def
(/usr/share/texlive/texmf-dist/tex/latex/base/atveryend-ltx.sty)
(/usr/share/texlive/texmf-dist/tex/latex/rerunfilecheck/rerunfilecheck.sty
(/usr/share/texlive/texmf-dist/tex/generic/uniquecounter/uniquecounter.sty))))
(/usr/share/texlive/texmf-dist/tex/latex/base/makeidx.sty)
(/usr/share/texlive/texmf-dist/tex/latex/base/inputenc.sty)
Writing index file Rd2.idx
(/usr/share/texlive/texmf-dist/tex/latex/psnfss/t1ptm.fd)
(/usr/share/texlive/texmf-dist/tex/latex/l3backend/l3backend-pdftex.def)
(/tmp/RtmpwY8GAJ/Rd2pdf28bf8f2c66a21d/Rd2.aux)
(/usr/share/texlive/texmf-dist/tex/context/base/mkii/supp-pdf.mkii
[Loading MPS to PDF converter (version 2006.09.02).]
) (/tmp/RtmpwY8GAJ/Rd2pdf28bf8f2c66a21d/Rd2.out)
(/tmp/RtmpwY8GAJ/Rd2pdf28bf8f2c66a21d/Rd2.out)
(/usr/share/texlive/texmf-dist/tex/latex/inconsolata/t1zi4.fd)
(/usr/share/texlive/texmf-dist/tex/latex/amsfonts/umsa.fd)
(/usr/share/texlive/texmf-dist/tex/latex/amsfonts/umsb.fd)
(/usr/share/texlive/texmf-dist/tex/latex/jknapltx/ursfs.fd)
(/usr/share/texlive/texmf-dist/tex/latex/psnfss/t1phv.fd)
(/tmp/RtmpwY8GAJ/Rd2pdf28bf8f2c66a21d/Rd2.toc [1{/var/lib/texmf/fonts/map/pdfte
x/updmap/pdftex.map}{/usr/share/texlive/texmf-dist/fonts/enc/dvips/base/8r.enc}
{/usr/share/texlive/texmf-dist/fonts/enc/dvips/inconsolata/i4-t1-0.enc}]
[2]) (/usr/share/texlive/texmf-dist/tex/latex/inconsolata/ts1zi4.fd) [3{/usr/sh
are/texlive/texmf-dist/fonts/enc/dvips/inconsolata/i4-ts1.enc}] [4]
(/usr/share/texlive/texmf-dist/tex/latex/psnfss/ts1ptm.fd) [5] [6] [7] [8]
Overfull \hbox (104.26074pt too wide) in paragraph at lines 391--394
[]\T1/ptm/m/n/10 (1) []\T1/zi4/m/n/10 loglik.exp_series_md_c1_c2_c3 []\T1/ptm/m
/n/10 (2) []\T1/zi4/m/n/10 score.exp_series_md_c1_c2_c3 []\T1/ptm/m/n/10 (3) []
\T1/zi4/m/n/10 hess_loglik.exp_series_md_c1_c2_c3 

Overfull \hbox (71.13962pt too wide) in paragraph at lines 408--412
[]\T1/ptm/m/n/10 C1: \T1/zi4/m/n/10 Pr{K[i] in C[i]) = 1 \T1/ptm/m/n/10 C2: \T1
/zi4/m/n/10 Pr{C[i]=c[i] | K[i]=j, T[i]=t[i]) = Pr(C[i]=c[i] | K[i]=j\TS1/zi4/m
/n/10 '\T1/zi4/m/n/10 , T[i]=t[i])

Overfull \hbox (36.39923pt too wide) in paragraph at lines 418--420
[]\T1/ptm/m/n/10 likelihood model ob-ject with class []\T1/zi4/m/n/10 c("exp_se
ries_md_c1_c2_c3", "series_md", "likelihood_model") 
[9] [10] [11]
Overfull \hbox (94.28903pt too wide) in paragraph at lines 561--564
[]\T1/ptm/m/n/10 observation func-tor cre-ated by []\T1/zi4/m/n/10 observe_* []
\T1/ptm/m/n/10 func-tions. When NULL, uses [][][]\T1/zi4/m/n/10 observe_right_c
ensor[][][](tau)

Underfull \hbox (badness 1742) in paragraph at lines 606--606
[]\T1/ptm/m/it/10 Hessian of log-likelihood method for []\T1/zi4/m/n/10 exp_ser
ies_md_c1_c2_c3
[12]
Underfull \hbox (badness 10000) in paragraph at lines 658--658
[]\T1/ptm/m/it/10 Hessian of log-likelihood method for
[13]
Underfull \hbox (badness 1742) in paragraph at lines 709--709
[]\T1/ptm/m/it/10 Hessian of log-likelihood method for []\T1/zi4/m/n/10 wei_ser
ies_md_c1_c2_c3
[14] [15] [16] [17] [18] [19] [20]
Overfull \hbox (13.38802pt too wide) in paragraph at lines 1083--1085
[]\T1/ptm/m/n/10 column pre-fix for can-di-date sets (as Boolean ma-trix), de-f
aults to []\T1/zi4/m/n/10 x[]\T1/ptm/m/n/10 , e.g., \T1/zi4/m/n/10 x1, x2, x3\T
1/ptm/m/n/10 . 
[21] [22] [23] [24] [25] [26] [27] [28] [29] [30]
Overfull \hbox (4.47336pt too wide) in paragraph at lines 1673--1673
[]\T1/ptm/m/it/10 Random data gen-er-a-tion for []\T1/zi4/m/n/10 wei_series_hom
ogeneous_md_c1_c2_c3
[31] [32] [33] [34] [35] [36]
Underfull \hbox (badness 10000) in paragraph at lines 2012--2012
[]\T1/ptm/m/it/10 Constructs a like-li-hood model for
[37]
Overfull \hbox (38.80078pt too wide) in paragraph at lines 2063--2066
[]\T1/ptm/m/n/10 (1) []\T1/zi4/m/n/10 loglik.wei_series_homogeneous_md_c1_c2_c3
 []\T1/ptm/m/n/10 (2) []\T1/zi4/m/n/10 score.wei_series_homogeneous_md_c1_c2_c3


Overfull \hbox (71.13962pt too wide) in paragraph at lines 2069--2073
[]\T1/ptm/m/n/10 C1: \T1/zi4/m/n/10 Pr{K[i] in C[i]} = 1 \T1/ptm/m/n/10 C2: \T1
/zi4/m/n/10 Pr{C[i]=c[i] | K[i]=j, T[i]=t[i]} = Pr{C[i]=c[i] | K[i]=j\TS1/zi4/m
/n/10 '\T1/zi4/m/n/10 , T[i]=t[i]}
[38] [39]
Overfull \hbox (104.26074pt too wide) in paragraph at lines 2168--2171
[]\T1/ptm/m/n/10 (1) []\T1/zi4/m/n/10 loglik.wei_series_md_c1_c2_c3 []\T1/ptm/m
/n/10 (2) []\T1/zi4/m/n/10 score.wei_series_md_c1_c2_c3 []\T1/ptm/m/n/10 (3) []
\T1/zi4/m/n/10 hess_loglik.wei_series_md_c1_c2_c3 

Overfull \hbox (71.13962pt too wide) in paragraph at lines 2177--2181
[]\T1/ptm/m/n/10 C1: \T1/zi4/m/n/10 Pr{K[i] in C[i]} = 1 \T1/ptm/m/n/10 C2: \T1
/zi4/m/n/10 Pr{C[i]=c[i] | K[i]=j, T[i]=t[i]} = Pr{C[i]=c[i] | K[i]=j\TS1/zi4/m
/n/10 '\T1/zi4/m/n/10 , T[i]=t[i]}

Overfull \hbox (36.39923pt too wide) in paragraph at lines 2184--2186
[]\T1/ptm/m/n/10 likelihood model ob-ject with class []\T1/zi4/m/n/10 c("wei_se
ries_md_c1_c2_c3", "series_md", "likelihood_model") 
[40] (/tmp/RtmpwY8GAJ/Rd2pdf28bf8f2c66a21d/Rd2.ind [41]

LaTeX Font Warning: Font shape `T1/zi4/m/it' undefined
(Font)              using `T1/zi4/m/n' instead on input line 17.


Overfull \hbox (43.3567pt too wide) in paragraph at lines 21--23
[]\T1/zi4/m/n/10 assumptions.wei_series_homogeneous_md_c1_c2_c3\T1/ptm/m/n/10 ,
 

Overfull \hbox (43.3567pt too wide) in paragraph at lines 65--67
[]\T1/zi4/m/it/10 hess_loglik.wei_series_homogeneous_md_c1_c2_c3\T1/ptm/m/n/10 
, 

Overfull \hbox (18.3567pt too wide) in paragraph at lines 76--78
[]\T1/zi4/m/it/10 loglik.wei_series_homogeneous_md_c1_c2_c3\T1/ptm/m/n/10 , 

Overfull \hbox (13.3567pt too wide) in paragraph at lines 122--124
[]\T1/zi4/m/it/10 rdata.wei_series_homogeneous_md_c1_c2_c3\T1/ptm/m/n/10 , 
[42]
Overfull \hbox (13.3567pt too wide) in paragraph at lines 134--136
[]\T1/zi4/m/it/10 score.wei_series_homogeneous_md_c1_c2_c3\T1/ptm/m/n/10 , 
[43]) (/tmp/RtmpwY8GAJ/Rd2pdf28bf8f2c66a21d/Rd2.aux)

LaTeX Font Warning: Some font shapes were not available, defaults substituted.

 )
(see the transcript file for additional information)</usr/share/texlive/texmf-d
ist/fonts/type1/public/inconsolata/Inconsolata-zi4r.pfb></usr/share/texlive/tex
mf-dist/fonts/type1/public/amsfonts/cm/cmex10.pfb></usr/share/texlive/texmf-dis
t/fonts/type1/public/amsfonts/cm/cmmi10.pfb></usr/share/texlive/texmf-dist/font
s/type1/public/amsfonts/cm/cmmi7.pfb></usr/share/texlive/texmf-dist/fonts/type1
/public/amsfonts/cm/cmr10.pfb></usr/share/texlive/texmf-dist/fonts/type1/public
/amsfonts/cm/cmr7.pfb></usr/share/texlive/texmf-dist/fonts/type1/public/amsfont
s/cm/cmsy10.pfb></usr/share/texlive/texmf-dist/fonts/type1/public/amsfonts/cm/c
msy7.pfb></usr/share/texlive/texmf-dist/fonts/type1/urw/helvetic/uhvr8a.pfb></u
sr/share/texlive/texmf-dist/fonts/type1/urw/times/utmb8a.pfb></usr/share/texliv
e/texmf-dist/fonts/type1/urw/times/utmr8a.pfb></usr/share/texlive/texmf-dist/fo
nts/type1/urw/times/utmr8a.pfb></usr/share/texlive/texmf-dist/fonts/type1/urw/t
imes/utmri8a.pfb>
Output written on Rd2.pdf (43 pages, 228168 bytes).
Transcript written on Rd2.log.
Saving output to ‘maskedcauses-manual.pdf’ ...
Done
You may want to clean up by 'rm -Rf /tmp/RtmpwY8GAJ/Rd2pdf28bf8f2c66a21d'
